{
    "level": "INFO",
    "message": "DATABASE_CONNECTION",
    "timestamp": "2025-12-05T13:46:22.912Z",
    "meta": {
        "CONNECTION_NAME": "Aveena"
    }
}
{
    "level": "INFO",
    "message": "RATE_LIMITER_INITIATED",
    "timestamp": "2025-12-05T13:46:22.917Z",
    "meta": {}
}
{
    "level": "INFO",
    "message": "APPLICATION_STARTED",
    "timestamp": "2025-12-05T13:46:22.918Z",
    "meta": {
        "PORT": 5000,
        "SERVER_URL": "http://localhost:5000"
    }
}
{
    "level": "INFO",
    "message": "DATABASE_CONNECTION",
    "timestamp": "2025-12-11T12:26:11.508Z",
    "meta": {
        "CONNECTION_NAME": "Aveena"
    }
}
{
    "level": "INFO",
    "message": "RATE_LIMITER_INITIATED",
    "timestamp": "2025-12-11T12:26:11.511Z",
    "meta": {}
}
{
    "level": "INFO",
    "message": "APPLICATION_STARTED",
    "timestamp": "2025-12-11T12:26:11.512Z",
    "meta": {
        "PORT": 5000,
        "SERVER_URL": "http://localhost:5000"
    }
}
{
    "level": "INFO",
    "message": "DATABASE_CONNECTION",
    "timestamp": "2025-12-12T06:54:59.838Z",
    "meta": {
        "CONNECTION_NAME": "Aveena"
    }
}
{
    "level": "INFO",
    "message": "RATE_LIMITER_INITIATED",
    "timestamp": "2025-12-12T06:54:59.841Z",
    "meta": {}
}
{
    "level": "INFO",
    "message": "APPLICATION_STARTED",
    "timestamp": "2025-12-12T06:54:59.842Z",
    "meta": {
        "PORT": 5000,
        "SERVER_URL": "http://localhost:5000"
    }
}
{
    "level": "INFO",
    "message": "DATABASE_CONNECTION",
    "timestamp": "2025-12-12T08:17:17.297Z",
    "meta": {
        "CONNECTION_NAME": "Aveena"
    }
}
{
    "level": "INFO",
    "message": "RATE_LIMITER_INITIATED",
    "timestamp": "2025-12-12T08:17:17.302Z",
    "meta": {}
}
{
    "level": "INFO",
    "message": "APPLICATION_STARTED",
    "timestamp": "2025-12-12T08:17:17.302Z",
    "meta": {
        "PORT": 5000,
        "SERVER_URL": "http://localhost:5000"
    }
}
{
    "level": "INFO",
    "message": "DATABASE_CONNECTION",
    "timestamp": "2025-12-13T06:52:26.838Z",
    "meta": {
        "CONNECTION_NAME": "Aveena"
    }
}
{
    "level": "INFO",
    "message": "RATE_LIMITER_INITIATED",
    "timestamp": "2025-12-13T06:52:26.842Z",
    "meta": {}
}
{
    "level": "INFO",
    "message": "APPLICATION_STARTED",
    "timestamp": "2025-12-13T06:52:26.843Z",
    "meta": {
        "PORT": 5000,
        "SERVER_URL": "http://localhost:5000"
    }
}
{
    "level": "INFO",
    "message": "DATABASE_CONNECTION",
    "timestamp": "2025-12-13T08:38:32.164Z",
    "meta": {
        "CONNECTION_NAME": "Aveena"
    }
}
{
    "level": "INFO",
    "message": "RATE_LIMITER_INITIATED",
    "timestamp": "2025-12-13T08:38:32.168Z",
    "meta": {}
}
{
    "level": "INFO",
    "message": "APPLICATION_STARTED",
    "timestamp": "2025-12-13T08:38:32.168Z",
    "meta": {
        "PORT": 5000,
        "SERVER_URL": "http://localhost:5000"
    }
}
